<?xml version="1.0" encoding="UTF-8"?>
<testng-results ignored="0" total="4" passed="4" failed="0" skipped="0">
  <reporter-output>
  </reporter-output>
  <suite started-at="2025-03-09T16:07:19 PKT" name="Suite" finished-at="2025-03-09T16:09:55 PKT" duration-ms="156223">
    <groups>
      <group name="Smoke">
        <method signature="eCommerce_tc_HybridApp.fillForm(java.lang.String,java.lang.String,java.lang.String)[pri:0, instance:syedsaifali.eCommerce_tc_HybridApp@bb9e6dc]" name="fillForm" class="syedsaifali.eCommerce_tc_HybridApp"/>
      </group> <!-- Smoke -->
    </groups>
    <test started-at="2025-03-09T16:07:19 PKT" name="Error Validation" finished-at="2025-03-09T16:08:08 PKT" duration-ms="48647">
      <class name="syedsaifali.MultiplCases">
        <test-method is-config="true" signature="configureAppium()[pri:0, instance:syedsaifali.MultiplCases@13526e59]" started-at="2025-03-09T16:07:19 PKT" name="configureAppium" finished-at="2025-03-09T16:07:46 PKT" duration-ms="26896" status="PASS">
          <reporter-output>
          </reporter-output>
        </test-method> <!-- configureAppium -->
        <test-method is-config="true" signature="openDefaultPage()[pri:0, instance:syedsaifali.MultiplCases@13526e59]" started-at="2025-03-09T16:07:46 PKT" name="openDefaultPage" finished-at="2025-03-09T16:07:46 PKT" duration-ms="489" status="PASS">
          <reporter-output>
          </reporter-output>
        </test-method> <!-- openDefaultPage -->
        <test-method signature="errorMethod()[pri:0, instance:syedsaifali.MultiplCases@13526e59]" started-at="2025-03-09T16:07:46 PKT" name="errorMethod" finished-at="2025-03-09T16:07:53 PKT" duration-ms="7083" status="PASS">
          <reporter-output>
          </reporter-output>
        </test-method> <!-- errorMethod -->
        <test-method is-config="true" signature="openDefaultPage()[pri:0, instance:syedsaifali.MultiplCases@13526e59]" started-at="2025-03-09T16:07:53 PKT" name="openDefaultPage" finished-at="2025-03-09T16:07:54 PKT" duration-ms="190" status="PASS">
          <reporter-output>
          </reporter-output>
        </test-method> <!-- openDefaultPage -->
        <test-method signature="positiveCase()[pri:0, instance:syedsaifali.MultiplCases@13526e59]" started-at="2025-03-09T16:07:54 PKT" name="positiveCase" finished-at="2025-03-09T16:08:06 PKT" duration-ms="12040" status="PASS">
          <reporter-output>
          </reporter-output>
        </test-method> <!-- positiveCase -->
        <test-method is-config="true" signature="closeServer()[pri:0, instance:syedsaifali.MultiplCases@13526e59]" started-at="2025-03-09T16:08:06 PKT" name="closeServer" finished-at="2025-03-09T16:08:08 PKT" duration-ms="1789" status="PASS">
          <reporter-output>
          </reporter-output>
        </test-method> <!-- closeServer -->
      </class> <!-- syedsaifali.MultiplCases -->
    </test> <!-- Error Validation -->
    <test started-at="2025-03-09T16:08:09 PKT" name="End To End Framework With HashData" finished-at="2025-03-09T16:09:03 PKT" duration-ms="54589">
      <class name="syedsaifali.eCommerce_tc_HybridApp_HashData">
        <test-method is-config="true" signature="ConfigureAppium()[pri:0, instance:syedsaifali.eCommerce_tc_HybridApp_HashData@42b3b079]" started-at="2025-03-09T16:08:09 PKT" name="ConfigureAppium" finished-at="2025-03-09T16:08:26 PKT" duration-ms="17544" status="PASS">
          <reporter-output>
          </reporter-output>
        </test-method> <!-- ConfigureAppium -->
        <test-method is-config="true" signature="openDefaultPage()[pri:0, instance:syedsaifali.eCommerce_tc_HybridApp_HashData@42b3b079]" started-at="2025-03-09T16:08:27 PKT" name="openDefaultPage" finished-at="2025-03-09T16:08:28 PKT" duration-ms="226" status="PASS">
          <reporter-output>
          </reporter-output>
        </test-method> <!-- openDefaultPage -->
        <test-method signature="fillForm(java.util.HashMap)[pri:0, instance:syedsaifali.eCommerce_tc_HybridApp_HashData@42b3b079]" started-at="2025-03-09T16:08:28 PKT" name="fillForm" data-provider="getData" finished-at="2025-03-09T16:09:01 PKT" duration-ms="33963" status="PASS">
          <params>
            <param index="0">
              <value>
                <![CDATA[{name=Atiya Ali, country=Argentina, gender=female}]]>
              </value>
            </param>
          </params>
          <reporter-output>
          </reporter-output>
        </test-method> <!-- fillForm -->
        <test-method is-config="true" signature="closeServer()[pri:0, instance:syedsaifali.eCommerce_tc_HybridApp_HashData@42b3b079]" started-at="2025-03-09T16:09:02 PKT" name="closeServer" finished-at="2025-03-09T16:09:03 PKT" duration-ms="1887" status="PASS">
          <reporter-output>
          </reporter-output>
        </test-method> <!-- closeServer -->
      </class> <!-- syedsaifali.eCommerce_tc_HybridApp_HashData -->
    </test> <!-- End To End Framework With HashData -->
    <test started-at="2025-03-09T16:09:04 PKT" name="End To End Framework" finished-at="2025-03-09T16:09:55 PKT" duration-ms="51507">
      <class name="syedsaifali.eCommerce_tc_HybridApp">
        <test-method is-config="true" signature="ConfigureAppium()[pri:0, instance:syedsaifali.eCommerce_tc_HybridApp@bb9e6dc]" started-at="2025-03-09T16:09:04 PKT" name="ConfigureAppium" finished-at="2025-03-09T16:09:18 PKT" duration-ms="14177" status="PASS">
          <reporter-output>
          </reporter-output>
        </test-method> <!-- ConfigureAppium -->
        <test-method is-config="true" signature="openDefaultPage()[pri:0, instance:syedsaifali.eCommerce_tc_HybridApp@bb9e6dc]" started-at="2025-03-09T16:09:18 PKT" name="openDefaultPage" finished-at="2025-03-09T16:09:18 PKT" duration-ms="214" status="PASS">
          <reporter-output>
          </reporter-output>
        </test-method> <!-- openDefaultPage -->
        <test-method signature="fillForm(java.lang.String,java.lang.String,java.lang.String)[pri:0, instance:syedsaifali.eCommerce_tc_HybridApp@bb9e6dc]" started-at="2025-03-09T16:09:18 PKT" name="fillForm" data-provider="getData" finished-at="2025-03-09T16:09:54 PKT" duration-ms="35620" status="PASS">
          <params>
            <param index="0">
              <value>
                <![CDATA[Atiya Ali]]>
              </value>
            </param>
            <param index="1">
              <value>
                <![CDATA[female]]>
              </value>
            </param>
            <param index="2">
              <value>
                <![CDATA[Argentina]]>
              </value>
            </param>
          </params>
          <reporter-output>
          </reporter-output>
        </test-method> <!-- fillForm -->
        <test-method is-config="true" signature="closeServer()[pri:0, instance:syedsaifali.eCommerce_tc_HybridApp@bb9e6dc]" started-at="2025-03-09T16:09:54 PKT" name="closeServer" finished-at="2025-03-09T16:09:55 PKT" duration-ms="1447" status="PASS">
          <reporter-output>
          </reporter-output>
        </test-method> <!-- closeServer -->
      </class> <!-- syedsaifali.eCommerce_tc_HybridApp -->
    </test> <!-- End To End Framework -->
  </suite> <!-- Suite -->
</testng-results>
